current directory: /home/carlos/.local/share/nvim/mason/staging/solargraph/gems/rbs-3.8.1/ext/rbs_extension
/usr/share/rvm/rubies/ruby-3.3.0/bin/ruby extconf.rb
checking for whether -std=gnu99 is accepted as CFLAGS... yes
creating Makefile

current directory: /home/carlos/.local/share/nvim/mason/staging/solargraph/gems/rbs-3.8.1/ext/rbs_extension
make DESTDIR\= sitearchdir\=./.gem.20250317-46485-v8z8ew sitelibdir\=./.gem.20250317-46485-v8z8ew clean

current directory: /home/carlos/.local/share/nvim/mason/staging/solargraph/gems/rbs-3.8.1/ext/rbs_extension
make DESTDIR\= sitearchdir\=./.gem.20250317-46485-v8z8ew sitelibdir\=./.gem.20250317-46485-v8z8ew
compiling ./../../src/constants.c
compiling ./../../src/ruby_objs.c
compiling lexer.c
compiling lexstate.c
compiling location.c
compiling main.c
compiling parser.c
compiling parserstate.c
compiling unescape.c
linking shared-object rbs_extension.so

current directory: /home/carlos/.local/share/nvim/mason/staging/solargraph/gems/rbs-3.8.1/ext/rbs_extension
make DESTDIR\= sitearchdir\=./.gem.20250317-46485-v8z8ew sitelibdir\=./.gem.20250317-46485-v8z8ew install
/usr/bin/install -c -m 0755 rbs_extension.so ./.gem.20250317-46485-v8z8ew

current directory: /home/carlos/.local/share/nvim/mason/staging/solargraph/gems/rbs-3.8.1/ext/rbs_extension
make DESTDIR\= sitearchdir\=./.gem.20250317-46485-v8z8ew sitelibdir\=./.gem.20250317-46485-v8z8ew clean
