current directory: /home/carlos/.local/share/nvim/mason/staging/solargraph/gems/json-2.10.2/ext/json/ext/parser
/usr/share/rvm/rubies/ruby-3.3.0/bin/ruby extconf.rb
checking for rb_enc_interned_str() in ruby.h... yes
checking for rb_hash_new_capa() in ruby.h... yes
checking for rb_hash_bulk_insert() in ruby.h... yes
checking for rb_category_warn() in ruby.h... yes
checking for strnlen() in string.h... yes
checking for whether -std=c99 is accepted as CFLAGS... yes
creating Makefile

current directory: /home/carlos/.local/share/nvim/mason/staging/solargraph/gems/json-2.10.2/ext/json/ext/parser
make DESTDIR\= sitearchdir\=./.gem.20250317-46485-6fomyv sitelibdir\=./.gem.20250317-46485-6fomyv clean

current directory: /home/carlos/.local/share/nvim/mason/staging/solargraph/gems/json-2.10.2/ext/json/ext/parser
make DESTDIR\= sitearchdir\=./.gem.20250317-46485-6fomyv sitelibdir\=./.gem.20250317-46485-6fomyv
compiling parser.c
linking shared-object json/ext/parser.so

current directory: /home/carlos/.local/share/nvim/mason/staging/solargraph/gems/json-2.10.2/ext/json/ext/parser
make DESTDIR\= sitearchdir\=./.gem.20250317-46485-6fomyv sitelibdir\=./.gem.20250317-46485-6fomyv install
/usr/bin/install -c -m 0755 parser.so ./.gem.20250317-46485-6fomyv/json/ext

current directory: /home/carlos/.local/share/nvim/mason/staging/solargraph/gems/json-2.10.2/ext/json/ext/parser
make DESTDIR\= sitearchdir\=./.gem.20250317-46485-6fomyv sitelibdir\=./.gem.20250317-46485-6fomyv clean
