current directory: /home/carlos/.local/share/nvim/mason/staging/solargraph/gems/jaro_winkler-1.6.0/ext/jaro_winkler
/usr/share/rvm/rubies/ruby-3.3.0/bin/ruby extconf.rb
creating Makefile

current directory: /home/carlos/.local/share/nvim/mason/staging/solargraph/gems/jaro_winkler-1.6.0/ext/jaro_winkler
make DESTDIR\= sitearchdir\=./.gem.20250317-46485-1d43jw sitelibdir\=./.gem.20250317-46485-1d43jw clean

current directory: /home/carlos/.local/share/nvim/mason/staging/solargraph/gems/jaro_winkler-1.6.0/ext/jaro_winkler
make DESTDIR\= sitearchdir\=./.gem.20250317-46485-1d43jw sitelibdir\=./.gem.20250317-46485-1d43jw
compiling adj_matrix.c
adj_matrix.c: In function ‘adj_matrix_default’:
adj_matrix.c:82:12: warning: old-style function definition [-Wold-style-definition]
   82 | AdjMatrix *adj_matrix_default() {
      |            ^~~~~~~~~~~~~~~~~~
At top level:
cc1: note: unrecognized command-line option ‘-Wno-self-assign’ may have been intended to silence earlier diagnostics
cc1: note: unrecognized command-line option ‘-Wno-parentheses-equality’ may have been intended to silence earlier diagnostics
cc1: note: unrecognized command-line option ‘-Wno-constant-logical-operand’ may have been intended to silence earlier diagnostics
compiling codepoints.c
compiling jaro.c
compiling jaro_winkler.c
linking shared-object jaro_winkler/jaro_winkler_ext.so

current directory: /home/carlos/.local/share/nvim/mason/staging/solargraph/gems/jaro_winkler-1.6.0/ext/jaro_winkler
make DESTDIR\= sitearchdir\=./.gem.20250317-46485-1d43jw sitelibdir\=./.gem.20250317-46485-1d43jw install
/usr/bin/install -c -m 0755 jaro_winkler_ext.so ./.gem.20250317-46485-1d43jw/jaro_winkler

current directory: /home/carlos/.local/share/nvim/mason/staging/solargraph/gems/jaro_winkler-1.6.0/ext/jaro_winkler
make DESTDIR\= sitearchdir\=./.gem.20250317-46485-1d43jw sitelibdir\=./.gem.20250317-46485-1d43jw clean
